[0.287s] DEBUG:colcon:Command line arguments: ['/usr/bin/colcon', 'build', '--packages-select', 'pttep_alignment']
[0.287s] DEBUG:colcon:Parsed command line arguments: Namespace(log_base=None, log_level=None, verb_name='build', build_base='build', install_base='install', merge_install=False, symlink_install=False, test_result_base=None, continue_on_error=False, executor='parallel', parallel_workers=32, event_handlers=None, ignore_user_meta=False, metas=['./colcon.meta'], base_paths=['.'], packages_ignore=None, packages_ignore_regex=None, paths=None, packages_up_to=None, packages_up_to_regex=None, packages_above=None, packages_above_and_dependencies=None, packages_above_depth=None, packages_select_by_dep=None, packages_skip_by_dep=None, packages_skip_up_to=None, packages_select_build_failed=False, packages_skip_build_finished=False, packages_select_test_failures=False, packages_skip_test_passed=False, packages_select=['pttep_alignment'], packages_skip=None, packages_select_regex=None, packages_skip_regex=None, packages_start=None, packages_end=None, allow_overriding=[], cmake_args=None, cmake_target=None, cmake_target_skip_unavailable=False, cmake_clean_cache=False, cmake_clean_first=False, cmake_force_configure=False, ament_cmake_args=None, catkin_cmake_args=None, catkin_skip_building_tests=False, mixin_files=None, mixin=None, verb_parser=<colcon_mixin.mixin.mixin_argument.MixinArgumentDecorator object at 0x7ad7196809d0>, verb_extension=<colcon_core.verb.build.BuildVerb object at 0x7ad719680460>, main=<bound method BuildVerb.main of <colcon_core.verb.build.BuildVerb object at 0x7ad719680460>>, mixin_verb=('build',))
[0.642s] Level 1:colcon.colcon_core.package_discovery:discover_packages(colcon_meta) check parameters
[0.642s] Level 1:colcon.colcon_core.package_discovery:discover_packages(recursive) check parameters
[0.642s] Level 1:colcon.colcon_core.package_discovery:discover_packages(ignore) check parameters
[0.642s] Level 1:colcon.colcon_core.package_discovery:discover_packages(path) check parameters
[0.642s] Level 1:colcon.colcon_core.package_discovery:discover_packages(colcon_meta) discover
[0.642s] Level 1:colcon.colcon_core.package_discovery:discover_packages(recursive) discover
[0.642s] INFO:colcon.colcon_core.package_discovery:Crawling recursively for packages in '/home/peaxtt/PaYae/Fibo-work/peplink'
[0.643s] Level 1:colcon.colcon_core.package_identification:_identify(.) by extensions ['ignore', 'ignore_ament_install']
[0.643s] Level 1:colcon.colcon_core.package_identification:_identify(.) by extension 'ignore'
[0.643s] Level 1:colcon.colcon_core.package_identification:_identify(.) by extension 'ignore_ament_install'
[0.643s] Level 1:colcon.colcon_core.package_identification:_identify(.) by extensions ['colcon_pkg']
[0.643s] Level 1:colcon.colcon_core.package_identification:_identify(.) by extension 'colcon_pkg'
[0.643s] Level 1:colcon.colcon_core.package_identification:_identify(.) by extensions ['colcon_meta']
[0.643s] Level 1:colcon.colcon_core.package_identification:_identify(.) by extension 'colcon_meta'
[0.643s] Level 1:colcon.colcon_core.package_identification:_identify(.) by extensions ['ros']
[0.643s] Level 1:colcon.colcon_core.package_identification:_identify(.) by extension 'ros'
[0.701s] Level 1:colcon.colcon_core.package_identification:_identify(.) by extensions ['cmake', 'python']
[0.701s] Level 1:colcon.colcon_core.package_identification:_identify(.) by extension 'cmake'
[0.701s] Level 1:colcon.colcon_core.package_identification:_identify(.) by extension 'python'
[0.701s] Level 1:colcon.colcon_core.package_identification:_identify(.) by extensions ['python_setup_py']
[0.701s] Level 1:colcon.colcon_core.package_identification:_identify(.) by extension 'python_setup_py'
[0.701s] Level 1:colcon.colcon_core.package_identification:_identify(build) by extensions ['ignore', 'ignore_ament_install']
[0.701s] Level 1:colcon.colcon_core.package_identification:_identify(build) by extension 'ignore'
[0.701s] Level 1:colcon.colcon_core.package_identification:_identify(build) ignored
[0.702s] Level 1:colcon.colcon_core.package_identification:_identify(install) by extensions ['ignore', 'ignore_ament_install']
[0.702s] Level 1:colcon.colcon_core.package_identification:_identify(install) by extension 'ignore'
[0.702s] Level 1:colcon.colcon_core.package_identification:_identify(install) ignored
[0.702s] Level 1:colcon.colcon_core.package_identification:_identify(log) by extensions ['ignore', 'ignore_ament_install']
[0.702s] Level 1:colcon.colcon_core.package_identification:_identify(log) by extension 'ignore'
[0.702s] Level 1:colcon.colcon_core.package_identification:_identify(log) ignored
[0.702s] Level 1:colcon.colcon_core.package_identification:_identify(src) by extensions ['ignore', 'ignore_ament_install']
[0.702s] Level 1:colcon.colcon_core.package_identification:_identify(src) by extension 'ignore'
[0.702s] Level 1:colcon.colcon_core.package_identification:_identify(src) by extension 'ignore_ament_install'
[0.702s] Level 1:colcon.colcon_core.package_identification:_identify(src) by extensions ['colcon_pkg']
[0.702s] Level 1:colcon.colcon_core.package_identification:_identify(src) by extension 'colcon_pkg'
[0.702s] Level 1:colcon.colcon_core.package_identification:_identify(src) by extensions ['colcon_meta']
[0.702s] Level 1:colcon.colcon_core.package_identification:_identify(src) by extension 'colcon_meta'
[0.702s] Level 1:colcon.colcon_core.package_identification:_identify(src) by extensions ['ros']
[0.702s] Level 1:colcon.colcon_core.package_identification:_identify(src) by extension 'ros'
[0.703s] Level 1:colcon.colcon_core.package_identification:_identify(src) by extensions ['cmake', 'python']
[0.703s] Level 1:colcon.colcon_core.package_identification:_identify(src) by extension 'cmake'
[0.703s] Level 1:colcon.colcon_core.package_identification:_identify(src) by extension 'python'
[0.703s] Level 1:colcon.colcon_core.package_identification:_identify(src) by extensions ['python_setup_py']
[0.703s] Level 1:colcon.colcon_core.package_identification:_identify(src) by extension 'python_setup_py'
[0.703s] Level 1:colcon.colcon_core.package_identification:_identify(src/gps_umd) by extensions ['ignore', 'ignore_ament_install']
[0.703s] Level 1:colcon.colcon_core.package_identification:_identify(src/gps_umd) by extension 'ignore'
[0.703s] Level 1:colcon.colcon_core.package_identification:_identify(src/gps_umd) by extension 'ignore_ament_install'
[0.703s] Level 1:colcon.colcon_core.package_identification:_identify(src/gps_umd) by extensions ['colcon_pkg']
[0.703s] Level 1:colcon.colcon_core.package_identification:_identify(src/gps_umd) by extension 'colcon_pkg'
[0.703s] Level 1:colcon.colcon_core.package_identification:_identify(src/gps_umd) by extensions ['colcon_meta']
[0.703s] Level 1:colcon.colcon_core.package_identification:_identify(src/gps_umd) by extension 'colcon_meta'
[0.703s] Level 1:colcon.colcon_core.package_identification:_identify(src/gps_umd) by extensions ['ros']
[0.703s] Level 1:colcon.colcon_core.package_identification:_identify(src/gps_umd) by extension 'ros'
[0.703s] Level 1:colcon.colcon_core.package_identification:_identify(src/gps_umd) by extensions ['cmake', 'python']
[0.703s] Level 1:colcon.colcon_core.package_identification:_identify(src/gps_umd) by extension 'cmake'
[0.703s] Level 1:colcon.colcon_core.package_identification:_identify(src/gps_umd) by extension 'python'
[0.703s] Level 1:colcon.colcon_core.package_identification:_identify(src/gps_umd) by extensions ['python_setup_py']
[0.703s] Level 1:colcon.colcon_core.package_identification:_identify(src/gps_umd) by extension 'python_setup_py'
[0.704s] Level 1:colcon.colcon_core.package_identification:_identify(src/gps_umd/gps_msgs) by extensions ['ignore', 'ignore_ament_install']
[0.704s] Level 1:colcon.colcon_core.package_identification:_identify(src/gps_umd/gps_msgs) by extension 'ignore'
[0.704s] Level 1:colcon.colcon_core.package_identification:_identify(src/gps_umd/gps_msgs) by extension 'ignore_ament_install'
[0.704s] Level 1:colcon.colcon_core.package_identification:_identify(src/gps_umd/gps_msgs) by extensions ['colcon_pkg']
[0.704s] Level 1:colcon.colcon_core.package_identification:_identify(src/gps_umd/gps_msgs) by extension 'colcon_pkg'
[0.704s] Level 1:colcon.colcon_core.package_identification:_identify(src/gps_umd/gps_msgs) by extensions ['colcon_meta']
[0.704s] Level 1:colcon.colcon_core.package_identification:_identify(src/gps_umd/gps_msgs) by extension 'colcon_meta'
[0.704s] Level 1:colcon.colcon_core.package_identification:_identify(src/gps_umd/gps_msgs) by extensions ['ros']
[0.704s] Level 1:colcon.colcon_core.package_identification:_identify(src/gps_umd/gps_msgs) by extension 'ros'
[0.709s] DEBUG:colcon.colcon_core.package_identification:Package 'src/gps_umd/gps_msgs' with type 'ros.ament_cmake' and name 'gps_msgs'
[0.709s] Level 1:colcon.colcon_core.package_identification:_identify(src/gps_umd/gps_tools) by extensions ['ignore', 'ignore_ament_install']
[0.709s] Level 1:colcon.colcon_core.package_identification:_identify(src/gps_umd/gps_tools) by extension 'ignore'
[0.709s] Level 1:colcon.colcon_core.package_identification:_identify(src/gps_umd/gps_tools) by extension 'ignore_ament_install'
[0.709s] Level 1:colcon.colcon_core.package_identification:_identify(src/gps_umd/gps_tools) by extensions ['colcon_pkg']
[0.709s] Level 1:colcon.colcon_core.package_identification:_identify(src/gps_umd/gps_tools) by extension 'colcon_pkg'
[0.709s] Level 1:colcon.colcon_core.package_identification:_identify(src/gps_umd/gps_tools) by extensions ['colcon_meta']
[0.709s] Level 1:colcon.colcon_core.package_identification:_identify(src/gps_umd/gps_tools) by extension 'colcon_meta'
[0.709s] Level 1:colcon.colcon_core.package_identification:_identify(src/gps_umd/gps_tools) by extensions ['ros']
[0.709s] Level 1:colcon.colcon_core.package_identification:_identify(src/gps_umd/gps_tools) by extension 'ros'
[0.711s] DEBUG:colcon.colcon_core.package_identification:Package 'src/gps_umd/gps_tools' with type 'ros.ament_cmake' and name 'gps_tools'
[0.711s] Level 1:colcon.colcon_core.package_identification:_identify(src/gps_umd/gps_umd) by extensions ['ignore', 'ignore_ament_install']
[0.711s] Level 1:colcon.colcon_core.package_identification:_identify(src/gps_umd/gps_umd) by extension 'ignore'
[0.711s] Level 1:colcon.colcon_core.package_identification:_identify(src/gps_umd/gps_umd) by extension 'ignore_ament_install'
[0.711s] Level 1:colcon.colcon_core.package_identification:_identify(src/gps_umd/gps_umd) by extensions ['colcon_pkg']
[0.711s] Level 1:colcon.colcon_core.package_identification:_identify(src/gps_umd/gps_umd) by extension 'colcon_pkg'
[0.711s] Level 1:colcon.colcon_core.package_identification:_identify(src/gps_umd/gps_umd) by extensions ['colcon_meta']
[0.711s] Level 1:colcon.colcon_core.package_identification:_identify(src/gps_umd/gps_umd) by extension 'colcon_meta'
[0.711s] Level 1:colcon.colcon_core.package_identification:_identify(src/gps_umd/gps_umd) by extensions ['ros']
[0.711s] Level 1:colcon.colcon_core.package_identification:_identify(src/gps_umd/gps_umd) by extension 'ros'
[0.712s] DEBUG:colcon.colcon_core.package_identification:Package 'src/gps_umd/gps_umd' with type 'ros.ament_cmake' and name 'gps_umd'
[0.712s] Level 1:colcon.colcon_core.package_identification:_identify(src/gps_umd/gpsd_client) by extensions ['ignore', 'ignore_ament_install']
[0.712s] Level 1:colcon.colcon_core.package_identification:_identify(src/gps_umd/gpsd_client) by extension 'ignore'
[0.712s] Level 1:colcon.colcon_core.package_identification:_identify(src/gps_umd/gpsd_client) by extension 'ignore_ament_install'
[0.712s] Level 1:colcon.colcon_core.package_identification:_identify(src/gps_umd/gpsd_client) by extensions ['colcon_pkg']
[0.712s] Level 1:colcon.colcon_core.package_identification:_identify(src/gps_umd/gpsd_client) by extension 'colcon_pkg'
[0.712s] Level 1:colcon.colcon_core.package_identification:_identify(src/gps_umd/gpsd_client) by extensions ['colcon_meta']
[0.712s] Level 1:colcon.colcon_core.package_identification:_identify(src/gps_umd/gpsd_client) by extension 'colcon_meta'
[0.712s] Level 1:colcon.colcon_core.package_identification:_identify(src/gps_umd/gpsd_client) by extensions ['ros']
[0.712s] Level 1:colcon.colcon_core.package_identification:_identify(src/gps_umd/gpsd_client) by extension 'ros'
[0.714s] DEBUG:colcon.colcon_core.package_identification:Package 'src/gps_umd/gpsd_client' with type 'ros.ament_cmake' and name 'gpsd_client'
[0.714s] Level 1:colcon.colcon_core.package_identification:_identify(src/peplink_gps_node) by extensions ['ignore', 'ignore_ament_install']
[0.714s] Level 1:colcon.colcon_core.package_identification:_identify(src/peplink_gps_node) by extension 'ignore'
[0.714s] Level 1:colcon.colcon_core.package_identification:_identify(src/peplink_gps_node) by extension 'ignore_ament_install'
[0.714s] Level 1:colcon.colcon_core.package_identification:_identify(src/peplink_gps_node) by extensions ['colcon_pkg']
[0.714s] Level 1:colcon.colcon_core.package_identification:_identify(src/peplink_gps_node) by extension 'colcon_pkg'
[0.714s] Level 1:colcon.colcon_core.package_identification:_identify(src/peplink_gps_node) by extensions ['colcon_meta']
[0.714s] Level 1:colcon.colcon_core.package_identification:_identify(src/peplink_gps_node) by extension 'colcon_meta'
[0.714s] Level 1:colcon.colcon_core.package_identification:_identify(src/peplink_gps_node) by extensions ['ros']
[0.714s] Level 1:colcon.colcon_core.package_identification:_identify(src/peplink_gps_node) by extension 'ros'
[0.715s] DEBUG:colcon.colcon_core.package_identification:Package 'src/peplink_gps_node' with type 'ros.ament_cmake' and name 'peplink_gps_driver'
[0.715s] Level 1:colcon.colcon_core.package_identification:_identify(src/pttep_alignment) by extensions ['ignore', 'ignore_ament_install']
[0.715s] Level 1:colcon.colcon_core.package_identification:_identify(src/pttep_alignment) by extension 'ignore'
[0.715s] Level 1:colcon.colcon_core.package_identification:_identify(src/pttep_alignment) by extension 'ignore_ament_install'
[0.715s] Level 1:colcon.colcon_core.package_identification:_identify(src/pttep_alignment) by extensions ['colcon_pkg']
[0.715s] Level 1:colcon.colcon_core.package_identification:_identify(src/pttep_alignment) by extension 'colcon_pkg'
[0.715s] Level 1:colcon.colcon_core.package_identification:_identify(src/pttep_alignment) by extensions ['colcon_meta']
[0.715s] Level 1:colcon.colcon_core.package_identification:_identify(src/pttep_alignment) by extension 'colcon_meta'
[0.715s] Level 1:colcon.colcon_core.package_identification:_identify(src/pttep_alignment) by extensions ['ros']
[0.715s] Level 1:colcon.colcon_core.package_identification:_identify(src/pttep_alignment) by extension 'ros'
[0.717s] DEBUG:colcon.colcon_core.package_identification:Package 'src/pttep_alignment' with type 'ros.ament_cmake' and name 'pttep_alignment'
[0.717s] Level 1:colcon.colcon_core.package_discovery:discover_packages(recursive) using defaults
[0.717s] Level 1:colcon.colcon_core.package_discovery:discover_packages(ignore) discover
[0.717s] Level 1:colcon.colcon_core.package_discovery:discover_packages(ignore) using defaults
[0.717s] Level 1:colcon.colcon_core.package_discovery:discover_packages(path) discover
[0.717s] Level 1:colcon.colcon_core.package_discovery:discover_packages(path) using defaults
[0.754s] INFO:colcon.colcon_core.package_selection:Skipping not selected package 'gps_msgs' in 'src/gps_umd/gps_msgs'
[0.754s] INFO:colcon.colcon_core.package_selection:Skipping not selected package 'peplink_gps_driver' in 'src/peplink_gps_node'
[0.754s] INFO:colcon.colcon_core.package_selection:Skipping not selected package 'gps_tools' in 'src/gps_umd/gps_tools'
[0.754s] INFO:colcon.colcon_core.package_selection:Skipping not selected package 'gpsd_client' in 'src/gps_umd/gpsd_client'
[0.754s] INFO:colcon.colcon_core.package_selection:Skipping not selected package 'gps_umd' in 'src/gps_umd/gps_umd'
[0.755s] Level 1:colcon.colcon_core.package_discovery:discover_packages(prefix_path) check parameters
[0.755s] Level 1:colcon.colcon_core.package_discovery:discover_packages(prefix_path) discover
[0.758s] DEBUG:colcon.colcon_installed_package_information.package_discovery:Found 3 installed packages in /home/peaxtt/ros2_ws/install
[0.759s] DEBUG:colcon.colcon_installed_package_information.package_discovery:Found 0 installed packages in /home/peaxtt/ros2_ws/dummy/install
[0.761s] DEBUG:colcon.colcon_installed_package_information.package_discovery:Found 297 installed packages in /opt/ros/humble
[0.763s] Level 1:colcon.colcon_core.package_discovery:discover_packages(prefix_path) using defaults
[0.812s] Level 5:colcon.colcon_core.verb:set package 'pttep_alignment' build argument 'cmake_args' from command line to 'None'
[0.812s] Level 5:colcon.colcon_core.verb:set package 'pttep_alignment' build argument 'cmake_target' from command line to 'None'
[0.812s] Level 5:colcon.colcon_core.verb:set package 'pttep_alignment' build argument 'cmake_target_skip_unavailable' from command line to 'False'
[0.812s] Level 5:colcon.colcon_core.verb:set package 'pttep_alignment' build argument 'cmake_clean_cache' from command line to 'False'
[0.812s] Level 5:colcon.colcon_core.verb:set package 'pttep_alignment' build argument 'cmake_clean_first' from command line to 'False'
[0.812s] Level 5:colcon.colcon_core.verb:set package 'pttep_alignment' build argument 'cmake_force_configure' from command line to 'False'
[0.813s] Level 5:colcon.colcon_core.verb:set package 'pttep_alignment' build argument 'ament_cmake_args' from command line to 'None'
[0.813s] Level 5:colcon.colcon_core.verb:set package 'pttep_alignment' build argument 'catkin_cmake_args' from command line to 'None'
[0.813s] Level 5:colcon.colcon_core.verb:set package 'pttep_alignment' build argument 'catkin_skip_building_tests' from command line to 'False'
[0.813s] DEBUG:colcon.colcon_core.verb:Building package 'pttep_alignment' with the following arguments: {'ament_cmake_args': None, 'build_base': '/home/peaxtt/PaYae/Fibo-work/peplink/build/pttep_alignment', 'catkin_cmake_args': None, 'catkin_skip_building_tests': False, 'cmake_args': None, 'cmake_clean_cache': False, 'cmake_clean_first': False, 'cmake_force_configure': False, 'cmake_target': None, 'cmake_target_skip_unavailable': False, 'install_base': '/home/peaxtt/PaYae/Fibo-work/peplink/install/pttep_alignment', 'merge_install': False, 'path': '/home/peaxtt/PaYae/Fibo-work/peplink/src/pttep_alignment', 'symlink_install': False, 'test_result_base': None}
[0.813s] INFO:colcon.colcon_core.executor:Executing jobs using 'parallel' executor
[0.814s] DEBUG:colcon.colcon_parallel_executor.executor.parallel:run_until_complete
[0.814s] INFO:colcon.colcon_ros.task.ament_cmake.build:Building ROS package in '/home/peaxtt/PaYae/Fibo-work/peplink/src/pttep_alignment' with build type 'ament_cmake'
[0.814s] INFO:colcon.colcon_cmake.task.cmake.build:Building CMake package in '/home/peaxtt/PaYae/Fibo-work/peplink/src/pttep_alignment'
[0.819s] INFO:colcon.colcon_core.plugin_system:Skipping extension 'colcon_core.shell.bat': Not used on non-Windows systems
[0.819s] INFO:colcon.colcon_core.shell:Skip shell extension 'powershell' for command environment: Not usable outside of PowerShell
[0.820s] DEBUG:colcon.colcon_core.shell:Skip shell extension 'dsv' for command environment
[0.832s] DEBUG:colcon.colcon_core.event_handler.log_command:Invoking command in '/home/peaxtt/PaYae/Fibo-work/peplink/build/pttep_alignment': CMAKE_PREFIX_PATH=${CMAKE_PREFIX_PATH}:/opt/ros/humble /usr/bin/cmake /home/peaxtt/PaYae/Fibo-work/peplink/src/pttep_alignment -DCMAKE_INSTALL_PREFIX=/home/peaxtt/PaYae/Fibo-work/peplink/install/pttep_alignment
[4.106s] DEBUG:colcon.colcon_core.event_handler.log_command:Invoked command in '/home/peaxtt/PaYae/Fibo-work/peplink/build/pttep_alignment' returned '0': CMAKE_PREFIX_PATH=${CMAKE_PREFIX_PATH}:/opt/ros/humble /usr/bin/cmake /home/peaxtt/PaYae/Fibo-work/peplink/src/pttep_alignment -DCMAKE_INSTALL_PREFIX=/home/peaxtt/PaYae/Fibo-work/peplink/install/pttep_alignment
[4.110s] DEBUG:colcon.colcon_core.event_handler.log_command:Invoking command in '/home/peaxtt/PaYae/Fibo-work/peplink/build/pttep_alignment': CMAKE_PREFIX_PATH=${CMAKE_PREFIX_PATH}:/opt/ros/humble /usr/bin/cmake --build /home/peaxtt/PaYae/Fibo-work/peplink/build/pttep_alignment -- -j32 -l32
[28.729s] DEBUG:colcon.colcon_core.event_handler.log_command:Invoked command in '/home/peaxtt/PaYae/Fibo-work/peplink/build/pttep_alignment' returned '0': CMAKE_PREFIX_PATH=${CMAKE_PREFIX_PATH}:/opt/ros/humble /usr/bin/cmake --build /home/peaxtt/PaYae/Fibo-work/peplink/build/pttep_alignment -- -j32 -l32
[28.742s] DEBUG:colcon.colcon_core.event_handler.log_command:Invoking command in '/home/peaxtt/PaYae/Fibo-work/peplink/build/pttep_alignment': CMAKE_PREFIX_PATH=${CMAKE_PREFIX_PATH}:/opt/ros/humble /usr/bin/cmake --install /home/peaxtt/PaYae/Fibo-work/peplink/build/pttep_alignment
[28.841s] Level 1:colcon.colcon_core.environment:create_environment_scripts_only(pttep_alignment)
[28.841s] DEBUG:colcon.colcon_core.event_handler.log_command:Invoked command in '/home/peaxtt/PaYae/Fibo-work/peplink/build/pttep_alignment' returned '0': CMAKE_PREFIX_PATH=${CMAKE_PREFIX_PATH}:/opt/ros/humble /usr/bin/cmake --install /home/peaxtt/PaYae/Fibo-work/peplink/build/pttep_alignment
[28.846s] Level 1:colcon.colcon_core.environment:checking '/home/peaxtt/PaYae/Fibo-work/peplink/install/pttep_alignment' for CMake module files
[28.847s] Level 1:colcon.colcon_core.environment:checking '/home/peaxtt/PaYae/Fibo-work/peplink/install/pttep_alignment' for CMake config files
[28.848s] Level 1:colcon.colcon_core.shell:create_environment_hook('pttep_alignment', 'cmake_prefix_path')
[28.848s] INFO:colcon.colcon_core.shell:Creating environment hook '/home/peaxtt/PaYae/Fibo-work/peplink/install/pttep_alignment/share/pttep_alignment/hook/cmake_prefix_path.ps1'
[28.849s] INFO:colcon.colcon_core.shell:Creating environment descriptor '/home/peaxtt/PaYae/Fibo-work/peplink/install/pttep_alignment/share/pttep_alignment/hook/cmake_prefix_path.dsv'
[28.850s] INFO:colcon.colcon_core.shell:Creating environment hook '/home/peaxtt/PaYae/Fibo-work/peplink/install/pttep_alignment/share/pttep_alignment/hook/cmake_prefix_path.sh'
[28.851s] Level 1:colcon.colcon_core.environment:checking '/home/peaxtt/PaYae/Fibo-work/peplink/install/pttep_alignment/lib'
[28.851s] Level 1:colcon.colcon_core.shell:create_environment_hook('pttep_alignment', 'ld_library_path_lib')
[28.851s] INFO:colcon.colcon_core.shell:Creating environment hook '/home/peaxtt/PaYae/Fibo-work/peplink/install/pttep_alignment/share/pttep_alignment/hook/ld_library_path_lib.ps1'
[28.852s] INFO:colcon.colcon_core.shell:Creating environment descriptor '/home/peaxtt/PaYae/Fibo-work/peplink/install/pttep_alignment/share/pttep_alignment/hook/ld_library_path_lib.dsv'
[28.852s] INFO:colcon.colcon_core.shell:Creating environment hook '/home/peaxtt/PaYae/Fibo-work/peplink/install/pttep_alignment/share/pttep_alignment/hook/ld_library_path_lib.sh'
[28.853s] Level 1:colcon.colcon_core.environment:checking '/home/peaxtt/PaYae/Fibo-work/peplink/install/pttep_alignment/bin'
[28.853s] Level 1:colcon.colcon_core.environment:checking '/home/peaxtt/PaYae/Fibo-work/peplink/install/pttep_alignment/lib/pkgconfig/pttep_alignment.pc'
[28.853s] Level 1:colcon.colcon_core.environment:checking '/home/peaxtt/PaYae/Fibo-work/peplink/install/pttep_alignment/lib/python3.10/site-packages'
[28.853s] Level 1:colcon.colcon_core.environment:checking '/home/peaxtt/PaYae/Fibo-work/peplink/install/pttep_alignment/bin'
[28.854s] INFO:colcon.colcon_core.shell:Creating package script '/home/peaxtt/PaYae/Fibo-work/peplink/install/pttep_alignment/share/pttep_alignment/package.ps1'
[28.855s] INFO:colcon.colcon_core.shell:Creating package descriptor '/home/peaxtt/PaYae/Fibo-work/peplink/install/pttep_alignment/share/pttep_alignment/package.dsv'
[28.856s] INFO:colcon.colcon_core.shell:Creating package script '/home/peaxtt/PaYae/Fibo-work/peplink/install/pttep_alignment/share/pttep_alignment/package.sh'
[28.856s] INFO:colcon.colcon_core.shell:Creating package script '/home/peaxtt/PaYae/Fibo-work/peplink/install/pttep_alignment/share/pttep_alignment/package.bash'
[28.858s] INFO:colcon.colcon_core.shell:Creating package script '/home/peaxtt/PaYae/Fibo-work/peplink/install/pttep_alignment/share/pttep_alignment/package.zsh'
[28.858s] Level 1:colcon.colcon_core.environment:create_file_with_runtime_dependencies(/home/peaxtt/PaYae/Fibo-work/peplink/install/pttep_alignment/share/colcon-core/packages/pttep_alignment)
[28.859s] Level 1:colcon.colcon_core.environment:create_environment_scripts_only(pttep_alignment)
[28.860s] Level 1:colcon.colcon_core.environment:checking '/home/peaxtt/PaYae/Fibo-work/peplink/install/pttep_alignment' for CMake module files
[28.860s] Level 1:colcon.colcon_core.environment:checking '/home/peaxtt/PaYae/Fibo-work/peplink/install/pttep_alignment' for CMake config files
[28.861s] Level 1:colcon.colcon_core.shell:create_environment_hook('pttep_alignment', 'cmake_prefix_path')
[28.861s] INFO:colcon.colcon_core.shell:Creating environment hook '/home/peaxtt/PaYae/Fibo-work/peplink/install/pttep_alignment/share/pttep_alignment/hook/cmake_prefix_path.ps1'
[28.862s] INFO:colcon.colcon_core.shell:Creating environment descriptor '/home/peaxtt/PaYae/Fibo-work/peplink/install/pttep_alignment/share/pttep_alignment/hook/cmake_prefix_path.dsv'
[28.862s] INFO:colcon.colcon_core.shell:Creating environment hook '/home/peaxtt/PaYae/Fibo-work/peplink/install/pttep_alignment/share/pttep_alignment/hook/cmake_prefix_path.sh'
[28.863s] Level 1:colcon.colcon_core.environment:checking '/home/peaxtt/PaYae/Fibo-work/peplink/install/pttep_alignment/lib'
[28.863s] Level 1:colcon.colcon_core.shell:create_environment_hook('pttep_alignment', 'ld_library_path_lib')
[28.863s] INFO:colcon.colcon_core.shell:Creating environment hook '/home/peaxtt/PaYae/Fibo-work/peplink/install/pttep_alignment/share/pttep_alignment/hook/ld_library_path_lib.ps1'
[28.863s] INFO:colcon.colcon_core.shell:Creating environment descriptor '/home/peaxtt/PaYae/Fibo-work/peplink/install/pttep_alignment/share/pttep_alignment/hook/ld_library_path_lib.dsv'
[28.864s] INFO:colcon.colcon_core.shell:Creating environment hook '/home/peaxtt/PaYae/Fibo-work/peplink/install/pttep_alignment/share/pttep_alignment/hook/ld_library_path_lib.sh'
[28.864s] Level 1:colcon.colcon_core.environment:checking '/home/peaxtt/PaYae/Fibo-work/peplink/install/pttep_alignment/bin'
[28.864s] Level 1:colcon.colcon_core.environment:checking '/home/peaxtt/PaYae/Fibo-work/peplink/install/pttep_alignment/lib/pkgconfig/pttep_alignment.pc'
[28.865s] Level 1:colcon.colcon_core.environment:checking '/home/peaxtt/PaYae/Fibo-work/peplink/install/pttep_alignment/lib/python3.10/site-packages'
[28.865s] Level 1:colcon.colcon_core.environment:checking '/home/peaxtt/PaYae/Fibo-work/peplink/install/pttep_alignment/bin'
[28.865s] INFO:colcon.colcon_core.shell:Creating package script '/home/peaxtt/PaYae/Fibo-work/peplink/install/pttep_alignment/share/pttep_alignment/package.ps1'
[28.866s] INFO:colcon.colcon_core.shell:Creating package descriptor '/home/peaxtt/PaYae/Fibo-work/peplink/install/pttep_alignment/share/pttep_alignment/package.dsv'
[28.867s] INFO:colcon.colcon_core.shell:Creating package script '/home/peaxtt/PaYae/Fibo-work/peplink/install/pttep_alignment/share/pttep_alignment/package.sh'
[28.867s] INFO:colcon.colcon_core.shell:Creating package script '/home/peaxtt/PaYae/Fibo-work/peplink/install/pttep_alignment/share/pttep_alignment/package.bash'
[28.868s] INFO:colcon.colcon_core.shell:Creating package script '/home/peaxtt/PaYae/Fibo-work/peplink/install/pttep_alignment/share/pttep_alignment/package.zsh'
[28.868s] Level 1:colcon.colcon_core.environment:create_file_with_runtime_dependencies(/home/peaxtt/PaYae/Fibo-work/peplink/install/pttep_alignment/share/colcon-core/packages/pttep_alignment)
[28.868s] DEBUG:colcon.colcon_parallel_executor.executor.parallel:closing loop
[28.869s] DEBUG:colcon.colcon_parallel_executor.executor.parallel:loop closed
[28.869s] DEBUG:colcon.colcon_parallel_executor.executor.parallel:run_until_complete finished with '0'
[28.869s] DEBUG:colcon.colcon_core.event_reactor:joining thread
[28.877s] INFO:colcon.colcon_core.plugin_system:Skipping extension 'colcon_notification.desktop_notification.terminal_notifier': Not used on non-Darwin systems
[28.877s] INFO:colcon.colcon_core.plugin_system:Skipping extension 'colcon_notification.desktop_notification.win32': Not used on non-Windows systems
[28.877s] INFO:colcon.colcon_notification.desktop_notification:Sending desktop notification using 'notify2'
[28.896s] DEBUG:colcon.colcon_core.event_reactor:joined thread
[28.896s] INFO:colcon.colcon_core.shell:Creating prefix script '/home/peaxtt/PaYae/Fibo-work/peplink/install/local_setup.ps1'
[28.898s] INFO:colcon.colcon_core.shell:Creating prefix util module '/home/peaxtt/PaYae/Fibo-work/peplink/install/_local_setup_util_ps1.py'
[28.899s] INFO:colcon.colcon_core.shell:Creating prefix chain script '/home/peaxtt/PaYae/Fibo-work/peplink/install/setup.ps1'
[28.901s] INFO:colcon.colcon_core.shell:Creating prefix script '/home/peaxtt/PaYae/Fibo-work/peplink/install/local_setup.sh'
[28.902s] INFO:colcon.colcon_core.shell:Creating prefix util module '/home/peaxtt/PaYae/Fibo-work/peplink/install/_local_setup_util_sh.py'
[28.902s] INFO:colcon.colcon_core.shell:Creating prefix chain script '/home/peaxtt/PaYae/Fibo-work/peplink/install/setup.sh'
[28.904s] INFO:colcon.colcon_core.shell:Creating prefix script '/home/peaxtt/PaYae/Fibo-work/peplink/install/local_setup.bash'
[28.904s] INFO:colcon.colcon_core.shell:Creating prefix chain script '/home/peaxtt/PaYae/Fibo-work/peplink/install/setup.bash'
[28.906s] INFO:colcon.colcon_core.shell:Creating prefix script '/home/peaxtt/PaYae/Fibo-work/peplink/install/local_setup.zsh'
[28.906s] INFO:colcon.colcon_core.shell:Creating prefix chain script '/home/peaxtt/PaYae/Fibo-work/peplink/install/setup.zsh'
