-- The C compiler identification is GNU 11.4.0
-- The CXX compiler identification is GNU 11.4.0
-- Detecting C compiler ABI info
-- Detecting C compiler ABI info - done
-- Check for working C compiler: /usr/bin/cc - skipped
-- Detecting C compile features
-- Detecting C compile features - done
-- Detecting CXX compiler ABI info
-- Detecting CXX compiler ABI info - done
-- Check for working CXX compiler: /usr/bin/c++ - skipped
-- Detecting CXX compile features
-- Detecting CXX compile features - done
-- Found ament_cmake: 1.3.13 (/opt/ros/humble/share/ament_cmake/cmake)
-- Found Python3: /usr/bin/python3 (found version "3.10.12") found components: Interpreter 
-- Found rclcpp: 16.0.18 (/opt/ros/humble/share/rclcpp/cmake)
-- Found rosidl_generator_c: 3.1.8 (/opt/ros/humble/share/rosidl_generator_c/cmake)
-- Found rosidl_adapter: 3.1.8 (/opt/ros/humble/share/rosidl_adapter/cmake)
-- Found rosidl_generator_cpp: 3.1.8 (/opt/ros/humble/share/rosidl_generator_cpp/cmake)
-- Using all available rosidl_typesupport_c: rosidl_typesupport_fastrtps_c;rosidl_typesupport_introspection_c
-- Using all available rosidl_typesupport_cpp: rosidl_typesupport_fastrtps_cpp;rosidl_typesupport_introspection_cpp
-- Found rmw_implementation_cmake: 6.1.2 (/opt/ros/humble/share/rmw_implementation_cmake/cmake)
-- Found rmw_fastrtps_cpp: 6.2.10 (/opt/ros/humble/share/rmw_fastrtps_cpp/cmake)
-- Found OpenSSL: /usr/lib/x86_64-linux-gnu/libcrypto.so (found version "3.0.2")  
-- Found FastRTPS: /opt/ros/humble/include  
-- Using RMW implementation 'rmw_fastrtps_cpp' as default
-- Looking for pthread.h
-- Looking for pthread.h - found
-- Performing Test CMAKE_HAVE_LIBC_PTHREAD
-- Performing Test CMAKE_HAVE_LIBC_PTHREAD - Success
-- Found Threads: TRUE  
-- Found geometry_msgs: 4.9.1 (/opt/ros/humble/share/geometry_msgs/cmake)
-- Found nav_msgs: 4.9.1 (/opt/ros/humble/share/nav_msgs/cmake)
-- Found std_srvs: 4.9.1 (/opt/ros/humble/share/std_srvs/cmake)
-- Found rosidl_default_generators: 1.2.0 (/opt/ros/humble/share/rosidl_default_generators/cmake)
-- Found ament_cmake_ros: 0.10.0 (/opt/ros/humble/share/ament_cmake_ros/cmake)
-- Using all available rosidl_typesupport_c: rosidl_typesupport_fastrtps_c;rosidl_typesupport_introspection_c
-- Using all available rosidl_typesupport_cpp: rosidl_typesupport_fastrtps_cpp;rosidl_typesupport_introspection_cpp
-- Found PythonInterp: /usr/bin/python3 (found suitable version "3.10.12", minimum required is "3.6") 
-- Found python_cmake_module: 0.10.0 (/opt/ros/humble/share/python_cmake_module/cmake)
-- Found PythonLibs: /usr/lib/x86_64-linux-gnu/libpython3.10.so (found suitable version "3.10.12", minimum required is "3.5") 
-- Using PYTHON_EXECUTABLE: /usr/bin/python3
-- Using PYTHON_INCLUDE_DIRS: /usr/include/python3.10
-- Using PYTHON_LIBRARIES: /usr/lib/x86_64-linux-gnu/libpython3.10.so
-- Found PythonExtra: .so  
-- Configuring done
-- Generating done
-- Build files have been written to: /home/peaxtt/PaYae/Fibo-work/peplink/build/pttep_alignment
[  3%] [34m[1mGenerating C code for ROS interfaces[0m
[  6%] [34m[1mGenerating C++ code for ROS interfaces[0m
[  6%] Built target ament_cmake_python_copy_pttep_alignment
running egg_info
creating pttep_alignment.egg-info
writing pttep_alignment.egg-info/PKG-INFO
writing dependency_links to pttep_alignment.egg-info/dependency_links.txt
writing top-level names to pttep_alignment.egg-info/top_level.txt
writing manifest file 'pttep_alignment.egg-info/SOURCES.txt'
[  6%] Built target pttep_alignment__cpp
reading manifest file 'pttep_alignment.egg-info/SOURCES.txt'
writing manifest file 'pttep_alignment.egg-info/SOURCES.txt'
[  9%] [32mBuilding C object CMakeFiles/pttep_alignment__rosidl_generator_c.dir/rosidl_generator_c/pttep_alignment/srv/detail/calculate_transformation__functions.c.o[0m
[ 12%] [34m[1mGenerating C++ type support dispatch for ROS interfaces[0m
[ 15%] [34m[1mGenerating C++ type support for eProsima Fast-RTPS[0m
[ 18%] [34m[1mGenerating C++ introspection for ROS interfaces[0m
[ 18%] Built target ament_cmake_python_build_pttep_alignment_egg
[ 21%] [32m[1mLinking C shared library libpttep_alignment__rosidl_generator_c.so[0m
[ 21%] Built target pttep_alignment__rosidl_generator_c
[ 24%] [34m[1mGenerating C type support for eProsima Fast-RTPS[0m
[ 27%] [34m[1mGenerating C introspection for ROS interfaces[0m
[ 30%] [34m[1mGenerating C type support dispatch for ROS interfaces[0m
[ 33%] [32mBuilding CXX object CMakeFiles/pttep_alignment__rosidl_typesupport_cpp.dir/rosidl_typesupport_cpp/pttep_alignment/srv/calculate_transformation__type_support.cpp.o[0m
[ 36%] [32mBuilding CXX object CMakeFiles/pttep_alignment__rosidl_typesupport_introspection_cpp.dir/rosidl_typesupport_introspection_cpp/pttep_alignment/srv/detail/calculate_transformation__type_support.cpp.o[0m
[ 39%] [32mBuilding CXX object CMakeFiles/pttep_alignment__rosidl_typesupport_fastrtps_cpp.dir/rosidl_typesupport_fastrtps_cpp/pttep_alignment/srv/detail/dds_fastrtps/calculate_transformation__type_support.cpp.o[0m
[ 42%] [32mBuilding CXX object CMakeFiles/pttep_alignment__rosidl_typesupport_c.dir/rosidl_typesupport_c/pttep_alignment/srv/calculate_transformation__type_support.cpp.o[0m
[ 45%] [32mBuilding C object CMakeFiles/pttep_alignment__rosidl_typesupport_introspection_c.dir/rosidl_typesupport_introspection_c/pttep_alignment/srv/detail/calculate_transformation__type_support.c.o[0m
[ 48%] [32mBuilding CXX object CMakeFiles/pttep_alignment__rosidl_typesupport_fastrtps_c.dir/rosidl_typesupport_fastrtps_c/pttep_alignment/srv/detail/calculate_transformation__type_support_c.cpp.o[0m
[ 51%] [32m[1mLinking CXX shared library libpttep_alignment__rosidl_typesupport_c.so[0m
[ 54%] [32m[1mLinking C shared library libpttep_alignment__rosidl_typesupport_introspection_c.so[0m
[ 54%] Built target pttep_alignment__rosidl_typesupport_c
[ 54%] Built target pttep_alignment__rosidl_typesupport_introspection_c
[ 57%] [32m[1mLinking CXX shared library libpttep_alignment__rosidl_typesupport_cpp.so[0m
[ 57%] Built target pttep_alignment__rosidl_typesupport_cpp
[ 60%] [32mBuilding CXX object CMakeFiles/alignment_node.dir/src/alignment_node.cpp.o[0m
[ 63%] [32m[1mLinking CXX shared library libpttep_alignment__rosidl_typesupport_introspection_cpp.so[0m
[ 66%] [32m[1mLinking CXX shared library libpttep_alignment__rosidl_typesupport_fastrtps_cpp.so[0m
[ 66%] Built target pttep_alignment__rosidl_typesupport_introspection_cpp
[ 69%] [32m[1mLinking CXX shared library libpttep_alignment__rosidl_typesupport_fastrtps_c.so[0m
[ 69%] Built target pttep_alignment__rosidl_typesupport_fastrtps_cpp
[ 69%] Built target pttep_alignment__rosidl_typesupport_fastrtps_c
[ 69%] Built target pttep_alignment
[ 72%] [34m[1mGenerating Python code for ROS interfaces[0m
[ 72%] Built target pttep_alignment__py
[ 75%] [32mBuilding C object CMakeFiles/pttep_alignment__rosidl_generator_py.dir/rosidl_generator_py/pttep_alignment/srv/_calculate_transformation_s.c.o[0m
[ 78%] [32m[1mLinking C shared library rosidl_generator_py/pttep_alignment/libpttep_alignment__rosidl_generator_py.so[0m
[ 78%] Built target pttep_alignment__rosidl_generator_py
[ 81%] [32mBuilding C object CMakeFiles/pttep_alignment__rosidl_typesupport_c__pyext.dir/rosidl_generator_py/pttep_alignment/_pttep_alignment_s.ep.rosidl_typesupport_c.c.o[0m
[ 84%] [32mBuilding C object CMakeFiles/pttep_alignment__rosidl_typesupport_introspection_c__pyext.dir/rosidl_generator_py/pttep_alignment/_pttep_alignment_s.ep.rosidl_typesupport_introspection_c.c.o[0m
[ 87%] [32mBuilding C object CMakeFiles/pttep_alignment__rosidl_typesupport_fastrtps_c__pyext.dir/rosidl_generator_py/pttep_alignment/_pttep_alignment_s.ep.rosidl_typesupport_fastrtps_c.c.o[0m
[ 90%] [32m[1mLinking C shared library rosidl_generator_py/pttep_alignment/pttep_alignment_s__rosidl_typesupport_introspection_c.cpython-310-x86_64-linux-gnu.so[0m
[ 93%] [32m[1mLinking C shared library rosidl_generator_py/pttep_alignment/pttep_alignment_s__rosidl_typesupport_c.cpython-310-x86_64-linux-gnu.so[0m
[ 96%] [32m[1mLinking C shared library rosidl_generator_py/pttep_alignment/pttep_alignment_s__rosidl_typesupport_fastrtps_c.cpython-310-x86_64-linux-gnu.so[0m
[ 96%] Built target pttep_alignment__rosidl_typesupport_c__pyext
[ 96%] Built target pttep_alignment__rosidl_typesupport_fastrtps_c__pyext
[ 96%] Built target pttep_alignment__rosidl_typesupport_introspection_c__pyext
[100%] [32m[1mLinking CXX executable alignment_node[0m
[100%] Built target alignment_node
-- Install configuration: ""
-- Installing: /home/peaxtt/PaYae/Fibo-work/peplink/install/pttep_alignment/share/ament_index/resource_index/rosidl_interfaces/pttep_alignment
-- Installing: /home/peaxtt/PaYae/Fibo-work/peplink/install/pttep_alignment/include/pttep_alignment/pttep_alignment
-- Installing: /home/peaxtt/PaYae/Fibo-work/peplink/install/pttep_alignment/include/pttep_alignment/pttep_alignment/srv
-- Installing: /home/peaxtt/PaYae/Fibo-work/peplink/install/pttep_alignment/include/pttep_alignment/pttep_alignment/srv/calculate_transformation.h
-- Installing: /home/peaxtt/PaYae/Fibo-work/peplink/install/pttep_alignment/include/pttep_alignment/pttep_alignment/srv/detail
-- Installing: /home/peaxtt/PaYae/Fibo-work/peplink/install/pttep_alignment/include/pttep_alignment/pttep_alignment/srv/detail/calculate_transformation__functions.h
-- Installing: /home/peaxtt/PaYae/Fibo-work/peplink/install/pttep_alignment/include/pttep_alignment/pttep_alignment/srv/detail/calculate_transformation__functions.c
-- Installing: /home/peaxtt/PaYae/Fibo-work/peplink/install/pttep_alignment/include/pttep_alignment/pttep_alignment/srv/detail/calculate_transformation__struct.h
-- Installing: /home/peaxtt/PaYae/Fibo-work/peplink/install/pttep_alignment/include/pttep_alignment/pttep_alignment/srv/detail/calculate_transformation__type_support.h
-- Installing: /home/peaxtt/PaYae/Fibo-work/peplink/install/pttep_alignment/include/pttep_alignment/pttep_alignment/msg
-- Installing: /home/peaxtt/PaYae/Fibo-work/peplink/install/pttep_alignment/include/pttep_alignment/pttep_alignment/msg/rosidl_generator_c__visibility_control.h
-- Installing: /home/peaxtt/PaYae/Fibo-work/peplink/install/pttep_alignment/share/pttep_alignment/environment/library_path.sh
-- Installing: /home/peaxtt/PaYae/Fibo-work/peplink/install/pttep_alignment/share/pttep_alignment/environment/library_path.dsv
-- Installing: /home/peaxtt/PaYae/Fibo-work/peplink/install/pttep_alignment/lib/libpttep_alignment__rosidl_generator_c.so
-- Set runtime path of "/home/peaxtt/PaYae/Fibo-work/peplink/install/pttep_alignment/lib/libpttep_alignment__rosidl_generator_c.so" to ""
-- Up-to-date: /home/peaxtt/PaYae/Fibo-work/peplink/install/pttep_alignment/include/pttep_alignment/pttep_alignment
-- Up-to-date: /home/peaxtt/PaYae/Fibo-work/peplink/install/pttep_alignment/include/pttep_alignment/pttep_alignment/srv
-- Up-to-date: /home/peaxtt/PaYae/Fibo-work/peplink/install/pttep_alignment/include/pttep_alignment/pttep_alignment/srv/detail
-- Installing: /home/peaxtt/PaYae/Fibo-work/peplink/install/pttep_alignment/include/pttep_alignment/pttep_alignment/srv/detail/calculate_transformation__rosidl_typesupport_fastrtps_c.h
-- Up-to-date: /home/peaxtt/PaYae/Fibo-work/peplink/install/pttep_alignment/include/pttep_alignment/pttep_alignment/msg
-- Installing: /home/peaxtt/PaYae/Fibo-work/peplink/install/pttep_alignment/include/pttep_alignment/pttep_alignment/msg/rosidl_typesupport_fastrtps_c__visibility_control.h
-- Installing: /home/peaxtt/PaYae/Fibo-work/peplink/install/pttep_alignment/lib/libpttep_alignment__rosidl_typesupport_fastrtps_c.so
-- Set runtime path of "/home/peaxtt/PaYae/Fibo-work/peplink/install/pttep_alignment/lib/libpttep_alignment__rosidl_typesupport_fastrtps_c.so" to ""
-- Up-to-date: /home/peaxtt/PaYae/Fibo-work/peplink/install/pttep_alignment/include/pttep_alignment/pttep_alignment
-- Up-to-date: /home/peaxtt/PaYae/Fibo-work/peplink/install/pttep_alignment/include/pttep_alignment/pttep_alignment/srv
-- Installing: /home/peaxtt/PaYae/Fibo-work/peplink/install/pttep_alignment/include/pttep_alignment/pttep_alignment/srv/calculate_transformation.hpp
-- Up-to-date: /home/peaxtt/PaYae/Fibo-work/peplink/install/pttep_alignment/include/pttep_alignment/pttep_alignment/srv/detail
-- Installing: /home/peaxtt/PaYae/Fibo-work/peplink/install/pttep_alignment/include/pttep_alignment/pttep_alignment/srv/detail/calculate_transformation__type_support.hpp
-- Installing: /home/peaxtt/PaYae/Fibo-work/peplink/install/pttep_alignment/include/pttep_alignment/pttep_alignment/srv/detail/calculate_transformation__traits.hpp
-- Installing: /home/peaxtt/PaYae/Fibo-work/peplink/install/pttep_alignment/include/pttep_alignment/pttep_alignment/srv/detail/calculate_transformation__struct.hpp
-- Installing: /home/peaxtt/PaYae/Fibo-work/peplink/install/pttep_alignment/include/pttep_alignment/pttep_alignment/srv/detail/calculate_transformation__builder.hpp
-- Up-to-date: /home/peaxtt/PaYae/Fibo-work/peplink/install/pttep_alignment/include/pttep_alignment/pttep_alignment/msg
-- Installing: /home/peaxtt/PaYae/Fibo-work/peplink/install/pttep_alignment/include/pttep_alignment/pttep_alignment/msg/rosidl_generator_cpp__visibility_control.hpp
-- Up-to-date: /home/peaxtt/PaYae/Fibo-work/peplink/install/pttep_alignment/include/pttep_alignment/pttep_alignment
-- Up-to-date: /home/peaxtt/PaYae/Fibo-work/peplink/install/pttep_alignment/include/pttep_alignment/pttep_alignment/srv
-- Up-to-date: /home/peaxtt/PaYae/Fibo-work/peplink/install/pttep_alignment/include/pttep_alignment/pttep_alignment/srv/detail
-- Installing: /home/peaxtt/PaYae/Fibo-work/peplink/install/pttep_alignment/include/pttep_alignment/pttep_alignment/srv/detail/calculate_transformation__rosidl_typesupport_fastrtps_cpp.hpp
-- Installing: /home/peaxtt/PaYae/Fibo-work/peplink/install/pttep_alignment/include/pttep_alignment/pttep_alignment/srv/detail/dds_fastrtps
-- Up-to-date: /home/peaxtt/PaYae/Fibo-work/peplink/install/pttep_alignment/include/pttep_alignment/pttep_alignment/msg
-- Installing: /home/peaxtt/PaYae/Fibo-work/peplink/install/pttep_alignment/include/pttep_alignment/pttep_alignment/msg/rosidl_typesupport_fastrtps_cpp__visibility_control.h
-- Installing: /home/peaxtt/PaYae/Fibo-work/peplink/install/pttep_alignment/lib/libpttep_alignment__rosidl_typesupport_fastrtps_cpp.so
-- Set runtime path of "/home/peaxtt/PaYae/Fibo-work/peplink/install/pttep_alignment/lib/libpttep_alignment__rosidl_typesupport_fastrtps_cpp.so" to ""
-- Up-to-date: /home/peaxtt/PaYae/Fibo-work/peplink/install/pttep_alignment/include/pttep_alignment/pttep_alignment
-- Up-to-date: /home/peaxtt/PaYae/Fibo-work/peplink/install/pttep_alignment/include/pttep_alignment/pttep_alignment/srv
-- Up-to-date: /home/peaxtt/PaYae/Fibo-work/peplink/install/pttep_alignment/include/pttep_alignment/pttep_alignment/srv/detail
-- Installing: /home/peaxtt/PaYae/Fibo-work/peplink/install/pttep_alignment/include/pttep_alignment/pttep_alignment/srv/detail/calculate_transformation__rosidl_typesupport_introspection_c.h
-- Installing: /home/peaxtt/PaYae/Fibo-work/peplink/install/pttep_alignment/include/pttep_alignment/pttep_alignment/srv/detail/calculate_transformation__type_support.c
-- Up-to-date: /home/peaxtt/PaYae/Fibo-work/peplink/install/pttep_alignment/include/pttep_alignment/pttep_alignment/msg
-- Installing: /home/peaxtt/PaYae/Fibo-work/peplink/install/pttep_alignment/include/pttep_alignment/pttep_alignment/msg/rosidl_typesupport_introspection_c__visibility_control.h
-- Installing: /home/peaxtt/PaYae/Fibo-work/peplink/install/pttep_alignment/lib/libpttep_alignment__rosidl_typesupport_introspection_c.so
-- Set runtime path of "/home/peaxtt/PaYae/Fibo-work/peplink/install/pttep_alignment/lib/libpttep_alignment__rosidl_typesupport_introspection_c.so" to ""
-- Installing: /home/peaxtt/PaYae/Fibo-work/peplink/install/pttep_alignment/lib/libpttep_alignment__rosidl_typesupport_c.so
-- Set runtime path of "/home/peaxtt/PaYae/Fibo-work/peplink/install/pttep_alignment/lib/libpttep_alignment__rosidl_typesupport_c.so" to ""
-- Up-to-date: /home/peaxtt/PaYae/Fibo-work/peplink/install/pttep_alignment/include/pttep_alignment/pttep_alignment
-- Up-to-date: /home/peaxtt/PaYae/Fibo-work/peplink/install/pttep_alignment/include/pttep_alignment/pttep_alignment/srv
-- Up-to-date: /home/peaxtt/PaYae/Fibo-work/peplink/install/pttep_alignment/include/pttep_alignment/pttep_alignment/srv/detail
-- Installing: /home/peaxtt/PaYae/Fibo-work/peplink/install/pttep_alignment/include/pttep_alignment/pttep_alignment/srv/detail/calculate_transformation__type_support.cpp
-- Installing: /home/peaxtt/PaYae/Fibo-work/peplink/install/pttep_alignment/include/pttep_alignment/pttep_alignment/srv/detail/calculate_transformation__rosidl_typesupport_introspection_cpp.hpp
-- Installing: /home/peaxtt/PaYae/Fibo-work/peplink/install/pttep_alignment/lib/libpttep_alignment__rosidl_typesupport_introspection_cpp.so
-- Set runtime path of "/home/peaxtt/PaYae/Fibo-work/peplink/install/pttep_alignment/lib/libpttep_alignment__rosidl_typesupport_introspection_cpp.so" to ""
-- Installing: /home/peaxtt/PaYae/Fibo-work/peplink/install/pttep_alignment/lib/libpttep_alignment__rosidl_typesupport_cpp.so
-- Set runtime path of "/home/peaxtt/PaYae/Fibo-work/peplink/install/pttep_alignment/lib/libpttep_alignment__rosidl_typesupport_cpp.so" to ""
-- Installing: /home/peaxtt/PaYae/Fibo-work/peplink/install/pttep_alignment/share/pttep_alignment/environment/pythonpath.sh
-- Installing: /home/peaxtt/PaYae/Fibo-work/peplink/install/pttep_alignment/share/pttep_alignment/environment/pythonpath.dsv
-- Installing: /home/peaxtt/PaYae/Fibo-work/peplink/install/pttep_alignment/local/lib/python3.10/dist-packages/pttep_alignment-1.2.0-py3.10.egg-info
-- Installing: /home/peaxtt/PaYae/Fibo-work/peplink/install/pttep_alignment/local/lib/python3.10/dist-packages/pttep_alignment-1.2.0-py3.10.egg-info/top_level.txt
-- Installing: /home/peaxtt/PaYae/Fibo-work/peplink/install/pttep_alignment/local/lib/python3.10/dist-packages/pttep_alignment-1.2.0-py3.10.egg-info/SOURCES.txt
-- Installing: /home/peaxtt/PaYae/Fibo-work/peplink/install/pttep_alignment/local/lib/python3.10/dist-packages/pttep_alignment-1.2.0-py3.10.egg-info/dependency_links.txt
-- Installing: /home/peaxtt/PaYae/Fibo-work/peplink/install/pttep_alignment/local/lib/python3.10/dist-packages/pttep_alignment-1.2.0-py3.10.egg-info/PKG-INFO
-- Installing: /home/peaxtt/PaYae/Fibo-work/peplink/install/pttep_alignment/local/lib/python3.10/dist-packages/pttep_alignment
-- Installing: /home/peaxtt/PaYae/Fibo-work/peplink/install/pttep_alignment/local/lib/python3.10/dist-packages/pttep_alignment/pttep_alignment_s__rosidl_typesupport_fastrtps_c.cpython-310-x86_64-linux-gnu.so
-- Installing: /home/peaxtt/PaYae/Fibo-work/peplink/install/pttep_alignment/local/lib/python3.10/dist-packages/pttep_alignment/_pttep_alignment_s.ep.rosidl_typesupport_fastrtps_c.c
-- Installing: /home/peaxtt/PaYae/Fibo-work/peplink/install/pttep_alignment/local/lib/python3.10/dist-packages/pttep_alignment/__init__.py
-- Installing: /home/peaxtt/PaYae/Fibo-work/peplink/install/pttep_alignment/local/lib/python3.10/dist-packages/pttep_alignment/srv
-- Installing: /home/peaxtt/PaYae/Fibo-work/peplink/install/pttep_alignment/local/lib/python3.10/dist-packages/pttep_alignment/srv/__init__.py
-- Installing: /home/peaxtt/PaYae/Fibo-work/peplink/install/pttep_alignment/local/lib/python3.10/dist-packages/pttep_alignment/srv/_calculate_transformation_s.c
-- Installing: /home/peaxtt/PaYae/Fibo-work/peplink/install/pttep_alignment/local/lib/python3.10/dist-packages/pttep_alignment/srv/_calculate_transformation.py
-- Installing: /home/peaxtt/PaYae/Fibo-work/peplink/install/pttep_alignment/local/lib/python3.10/dist-packages/pttep_alignment/pttep_alignment_s__rosidl_typesupport_introspection_c.cpython-310-x86_64-linux-gnu.so
-- Installing: /home/peaxtt/PaYae/Fibo-work/peplink/install/pttep_alignment/local/lib/python3.10/dist-packages/pttep_alignment/_pttep_alignment_s.ep.rosidl_typesupport_c.c
-- Installing: /home/peaxtt/PaYae/Fibo-work/peplink/install/pttep_alignment/local/lib/python3.10/dist-packages/pttep_alignment/_pttep_alignment_s.ep.rosidl_typesupport_introspection_c.c
-- Installing: /home/peaxtt/PaYae/Fibo-work/peplink/install/pttep_alignment/local/lib/python3.10/dist-packages/pttep_alignment/libpttep_alignment__rosidl_generator_py.so
-- Installing: /home/peaxtt/PaYae/Fibo-work/peplink/install/pttep_alignment/local/lib/python3.10/dist-packages/pttep_alignment/pttep_alignment_s__rosidl_typesupport_c.cpython-310-x86_64-linux-gnu.so
Listing '/home/peaxtt/PaYae/Fibo-work/peplink/install/pttep_alignment/local/lib/python3.10/dist-packages/pttep_alignment'...
Compiling '/home/peaxtt/PaYae/Fibo-work/peplink/install/pttep_alignment/local/lib/python3.10/dist-packages/pttep_alignment/__init__.py'...
Listing '/home/peaxtt/PaYae/Fibo-work/peplink/install/pttep_alignment/local/lib/python3.10/dist-packages/pttep_alignment/srv'...
Compiling '/home/peaxtt/PaYae/Fibo-work/peplink/install/pttep_alignment/local/lib/python3.10/dist-packages/pttep_alignment/srv/__init__.py'...
Compiling '/home/peaxtt/PaYae/Fibo-work/peplink/install/pttep_alignment/local/lib/python3.10/dist-packages/pttep_alignment/srv/_calculate_transformation.py'...
-- Installing: /home/peaxtt/PaYae/Fibo-work/peplink/install/pttep_alignment/local/lib/python3.10/dist-packages/pttep_alignment/pttep_alignment_s__rosidl_typesupport_fastrtps_c.cpython-310-x86_64-linux-gnu.so
-- Set runtime path of "/home/peaxtt/PaYae/Fibo-work/peplink/install/pttep_alignment/local/lib/python3.10/dist-packages/pttep_alignment/pttep_alignment_s__rosidl_typesupport_fastrtps_c.cpython-310-x86_64-linux-gnu.so" to ""
-- Installing: /home/peaxtt/PaYae/Fibo-work/peplink/install/pttep_alignment/local/lib/python3.10/dist-packages/pttep_alignment/pttep_alignment_s__rosidl_typesupport_introspection_c.cpython-310-x86_64-linux-gnu.so
-- Set runtime path of "/home/peaxtt/PaYae/Fibo-work/peplink/install/pttep_alignment/local/lib/python3.10/dist-packages/pttep_alignment/pttep_alignment_s__rosidl_typesupport_introspection_c.cpython-310-x86_64-linux-gnu.so" to ""
-- Installing: /home/peaxtt/PaYae/Fibo-work/peplink/install/pttep_alignment/local/lib/python3.10/dist-packages/pttep_alignment/pttep_alignment_s__rosidl_typesupport_c.cpython-310-x86_64-linux-gnu.so
-- Set runtime path of "/home/peaxtt/PaYae/Fibo-work/peplink/install/pttep_alignment/local/lib/python3.10/dist-packages/pttep_alignment/pttep_alignment_s__rosidl_typesupport_c.cpython-310-x86_64-linux-gnu.so" to ""
-- Installing: /home/peaxtt/PaYae/Fibo-work/peplink/install/pttep_alignment/lib/libpttep_alignment__rosidl_generator_py.so
-- Set runtime path of "/home/peaxtt/PaYae/Fibo-work/peplink/install/pttep_alignment/lib/libpttep_alignment__rosidl_generator_py.so" to ""
-- Installing: /home/peaxtt/PaYae/Fibo-work/peplink/install/pttep_alignment/share/pttep_alignment/srv/CalculateTransformation.idl
-- Installing: /home/peaxtt/PaYae/Fibo-work/peplink/install/pttep_alignment/share/pttep_alignment/srv/CalculateTransformation.srv
-- Installing: /home/peaxtt/PaYae/Fibo-work/peplink/install/pttep_alignment/share/pttep_alignment/srv/CalculateTransformation_Request.msg
-- Installing: /home/peaxtt/PaYae/Fibo-work/peplink/install/pttep_alignment/share/pttep_alignment/srv/CalculateTransformation_Response.msg
-- Installing: /home/peaxtt/PaYae/Fibo-work/peplink/install/pttep_alignment/lib/pttep_alignment/alignment_node
-- Set runtime path of "/home/peaxtt/PaYae/Fibo-work/peplink/install/pttep_alignment/lib/pttep_alignment/alignment_node" to ""
-- Up-to-date: /home/peaxtt/PaYae/Fibo-work/peplink/install/pttep_alignment/share/pttep_alignment/srv
-- Up-to-date: /home/peaxtt/PaYae/Fibo-work/peplink/install/pttep_alignment/share/pttep_alignment/srv/CalculateTransformation.srv
-- Installing: /home/peaxtt/PaYae/Fibo-work/peplink/install/pttep_alignment/share/ament_index/resource_index/package_run_dependencies/pttep_alignment
-- Installing: /home/peaxtt/PaYae/Fibo-work/peplink/install/pttep_alignment/share/ament_index/resource_index/parent_prefix_path/pttep_alignment
-- Installing: /home/peaxtt/PaYae/Fibo-work/peplink/install/pttep_alignment/share/pttep_alignment/environment/ament_prefix_path.sh
-- Installing: /home/peaxtt/PaYae/Fibo-work/peplink/install/pttep_alignment/share/pttep_alignment/environment/ament_prefix_path.dsv
-- Installing: /home/peaxtt/PaYae/Fibo-work/peplink/install/pttep_alignment/share/pttep_alignment/environment/path.sh
-- Installing: /home/peaxtt/PaYae/Fibo-work/peplink/install/pttep_alignment/share/pttep_alignment/environment/path.dsv
-- Installing: /home/peaxtt/PaYae/Fibo-work/peplink/install/pttep_alignment/share/pttep_alignment/local_setup.bash
-- Installing: /home/peaxtt/PaYae/Fibo-work/peplink/install/pttep_alignment/share/pttep_alignment/local_setup.sh
-- Installing: /home/peaxtt/PaYae/Fibo-work/peplink/install/pttep_alignment/share/pttep_alignment/local_setup.zsh
-- Installing: /home/peaxtt/PaYae/Fibo-work/peplink/install/pttep_alignment/share/pttep_alignment/local_setup.dsv
-- Installing: /home/peaxtt/PaYae/Fibo-work/peplink/install/pttep_alignment/share/pttep_alignment/package.dsv
-- Installing: /home/peaxtt/PaYae/Fibo-work/peplink/install/pttep_alignment/share/ament_index/resource_index/packages/pttep_alignment
-- Installing: /home/peaxtt/PaYae/Fibo-work/peplink/install/pttep_alignment/share/pttep_alignment/cmake/export_pttep_alignment__rosidl_generator_cExport.cmake
-- Installing: /home/peaxtt/PaYae/Fibo-work/peplink/install/pttep_alignment/share/pttep_alignment/cmake/export_pttep_alignment__rosidl_generator_cExport-noconfig.cmake
-- Installing: /home/peaxtt/PaYae/Fibo-work/peplink/install/pttep_alignment/share/pttep_alignment/cmake/export_pttep_alignment__rosidl_typesupport_fastrtps_cExport.cmake
-- Installing: /home/peaxtt/PaYae/Fibo-work/peplink/install/pttep_alignment/share/pttep_alignment/cmake/export_pttep_alignment__rosidl_typesupport_fastrtps_cExport-noconfig.cmake
-- Installing: /home/peaxtt/PaYae/Fibo-work/peplink/install/pttep_alignment/share/pttep_alignment/cmake/export_pttep_alignment__rosidl_generator_cppExport.cmake
-- Installing: /home/peaxtt/PaYae/Fibo-work/peplink/install/pttep_alignment/share/pttep_alignment/cmake/export_pttep_alignment__rosidl_typesupport_fastrtps_cppExport.cmake
-- Installing: /home/peaxtt/PaYae/Fibo-work/peplink/install/pttep_alignment/share/pttep_alignment/cmake/export_pttep_alignment__rosidl_typesupport_fastrtps_cppExport-noconfig.cmake
-- Installing: /home/peaxtt/PaYae/Fibo-work/peplink/install/pttep_alignment/share/pttep_alignment/cmake/pttep_alignment__rosidl_typesupport_introspection_cExport.cmake
-- Installing: /home/peaxtt/PaYae/Fibo-work/peplink/install/pttep_alignment/share/pttep_alignment/cmake/pttep_alignment__rosidl_typesupport_introspection_cExport-noconfig.cmake
-- Installing: /home/peaxtt/PaYae/Fibo-work/peplink/install/pttep_alignment/share/pttep_alignment/cmake/pttep_alignment__rosidl_typesupport_cExport.cmake
-- Installing: /home/peaxtt/PaYae/Fibo-work/peplink/install/pttep_alignment/share/pttep_alignment/cmake/pttep_alignment__rosidl_typesupport_cExport-noconfig.cmake
-- Installing: /home/peaxtt/PaYae/Fibo-work/peplink/install/pttep_alignment/share/pttep_alignment/cmake/pttep_alignment__rosidl_typesupport_introspection_cppExport.cmake
-- Installing: /home/peaxtt/PaYae/Fibo-work/peplink/install/pttep_alignment/share/pttep_alignment/cmake/pttep_alignment__rosidl_typesupport_introspection_cppExport-noconfig.cmake
-- Installing: /home/peaxtt/PaYae/Fibo-work/peplink/install/pttep_alignment/share/pttep_alignment/cmake/pttep_alignment__rosidl_typesupport_cppExport.cmake
-- Installing: /home/peaxtt/PaYae/Fibo-work/peplink/install/pttep_alignment/share/pttep_alignment/cmake/pttep_alignment__rosidl_typesupport_cppExport-noconfig.cmake
-- Installing: /home/peaxtt/PaYae/Fibo-work/peplink/install/pttep_alignment/share/pttep_alignment/cmake/export_pttep_alignment__rosidl_generator_pyExport.cmake
-- Installing: /home/peaxtt/PaYae/Fibo-work/peplink/install/pttep_alignment/share/pttep_alignment/cmake/export_pttep_alignment__rosidl_generator_pyExport-noconfig.cmake
-- Installing: /home/peaxtt/PaYae/Fibo-work/peplink/install/pttep_alignment/share/pttep_alignment/cmake/rosidl_cmake-extras.cmake
-- Installing: /home/peaxtt/PaYae/Fibo-work/peplink/install/pttep_alignment/share/pttep_alignment/cmake/ament_cmake_export_dependencies-extras.cmake
-- Installing: /home/peaxtt/PaYae/Fibo-work/peplink/install/pttep_alignment/share/pttep_alignment/cmake/ament_cmake_export_include_directories-extras.cmake
-- Installing: /home/peaxtt/PaYae/Fibo-work/peplink/install/pttep_alignment/share/pttep_alignment/cmake/ament_cmake_export_libraries-extras.cmake
-- Installing: /home/peaxtt/PaYae/Fibo-work/peplink/install/pttep_alignment/share/pttep_alignment/cmake/ament_cmake_export_targets-extras.cmake
-- Installing: /home/peaxtt/PaYae/Fibo-work/peplink/install/pttep_alignment/share/pttep_alignment/cmake/rosidl_cmake_export_typesupport_targets-extras.cmake
-- Installing: /home/peaxtt/PaYae/Fibo-work/peplink/install/pttep_alignment/share/pttep_alignment/cmake/rosidl_cmake_export_typesupport_libraries-extras.cmake
-- Installing: /home/peaxtt/PaYae/Fibo-work/peplink/install/pttep_alignment/share/pttep_alignment/cmake/pttep_alignmentConfig.cmake
-- Installing: /home/peaxtt/PaYae/Fibo-work/peplink/install/pttep_alignment/share/pttep_alignment/cmake/pttep_alignmentConfig-version.cmake
-- Installing: /home/peaxtt/PaYae/Fibo-work/peplink/install/pttep_alignment/share/pttep_alignment/package.xml
